<?xml version="1.0" encoding="UTF-8"?>
<!-- Generated by org.testng.reporters.JUnitXMLReporter -->
<testsuite ignored="0" hostname="LAPTOP-PDKAF0Q8" failures="0" tests="3" name="Test" time="18.823" errors="0" timestamp="2022-09-19T11:44:41 GST">
  <testcase classname="com.subscribeStcTv.testCases.stcPlanTest" name="getCountry" time="9.675"/>
  <testcase classname="com.subscribeStcTv.testCases.stcPlanTest" name="validateCountryavailability" time="0.135"/>
  <testcase classname="com.subscribeStcTv.testCases.stcPlanTest" name="validatecountrypopup" time="0.102"/>
</testsuite> <!-- Test -->
