<?xml version="1.0" encoding="UTF-8"?>
<testng-results ignored="0" total="3" passed="3" failed="0" skipped="0">
  <reporter-output>
  </reporter-output>
  <suite started-at="2022-09-19T11:44:22 GST" name="Suite" finished-at="2022-09-19T11:44:41 GST" duration-ms="18823">
    <groups>
    </groups>
    <test started-at="2022-09-19T11:44:22 GST" name="Test" finished-at="2022-09-19T11:44:41 GST" duration-ms="18823">
      <class name="com.subscribeStcTv.testCases.stcPlanTest">
        <test-method is-config="true" signature="loadConfig()[pri:0, instance:com.subscribeStcTv.testCases.stcPlanTest@498d318c]" started-at="2022-09-19T11:44:22 GST" name="loadConfig" finished-at="2022-09-19T11:44:22 GST" duration-ms="89" status="PASS">
          <reporter-output>
          </reporter-output>
        </test-method> <!-- loadConfig -->
        <test-method is-config="true" signature="setup(java.lang.String)[pri:0, instance:com.subscribeStcTv.testCases.stcPlanTest@498d318c]" started-at="2022-09-19T11:44:22 GST" name="setup" finished-at="2022-09-19T11:44:31 GST" duration-ms="8740" status="PASS">
          <params>
            <param index="0">
              <value>
                <![CDATA[Chrome]]>
              </value>
            </param>
          </params>
          <reporter-output>
          </reporter-output>
        </test-method> <!-- setup -->
        <test-method signature="getCountry()[pri:0, instance:com.subscribeStcTv.testCases.stcPlanTest@498d318c]" started-at="2022-09-19T11:44:31 GST" name="getCountry" finished-at="2022-09-19T11:44:41 GST" duration-ms="9675" status="PASS">
          <reporter-output>
          </reporter-output>
        </test-method> <!-- getCountry -->
        <test-method signature="validateCountryavailability()[pri:0, instance:com.subscribeStcTv.testCases.stcPlanTest@498d318c]" started-at="2022-09-19T11:44:41 GST" name="validateCountryavailability" finished-at="2022-09-19T11:44:41 GST" duration-ms="135" status="PASS">
          <reporter-output>
          </reporter-output>
        </test-method> <!-- validateCountryavailability -->
        <test-method signature="validatecountrypopup()[pri:2, instance:com.subscribeStcTv.testCases.stcPlanTest@498d318c]" started-at="2022-09-19T11:44:41 GST" name="validatecountrypopup" finished-at="2022-09-19T11:44:41 GST" duration-ms="102" status="PASS">
          <reporter-output>
          </reporter-output>
        </test-method> <!-- validatecountrypopup -->
      </class> <!-- com.subscribeStcTv.testCases.stcPlanTest -->
    </test> <!-- Test -->
  </suite> <!-- Suite -->
</testng-results>
